\BOOKMARK [0][-]{chapter.1}{CHAPTER 1 MeToo}{}
\BOOKMARK [1][-]{section.1.1}{}{chapter.1}
\BOOKMARK [1][-]{section.1.2}{}{chapter.1}
\BOOKMARK [0][-]{chapter.2}{CHAPTER 2 \040 }{}
\BOOKMARK [1][-]{section.2.1}{}{chapter.2}
\BOOKMARK [0][-]{chapter.3}{CHAPTER 3 \040\(View\)}{}
\BOOKMARK [1][-]{section.3.1}{}{chapter.3}
\BOOKMARK [0][-]{chapter.4}{CHAPTER 4 Message manager}{}
\BOOKMARK [1][-]{section.4.1}{ \040 \040}{chapter.4}
\BOOKMARK [0][-]{chapter.5}{CHAPTER 5 Session manager}{}
\BOOKMARK [1][-]{section.5.1}{ \040}{chapter.5}
\BOOKMARK [0][-]{chapter.6}{CHAPTER 6 User manager}{}
\BOOKMARK [1][-]{section.6.1}{ \040}{chapter.6}
\BOOKMARK [0][-]{chapter.7}{CHAPTER 7 Event manager}{}
\BOOKMARK [1][-]{section.7.1}{ \040}{chapter.7}
\BOOKMARK [0][-]{chapter.8}{CHAPTER 8 MeToo manager}{}
\BOOKMARK [1][-]{section.8.1}{ \040 \040}{chapter.8}
\BOOKMARK [0][-]{chapter.9}{CHAPTER 9 \040}{}
\BOOKMARK [1][-]{section.9.1}{ \040}{chapter.9}
\BOOKMARK [1][-]{section.9.2}{ \040 }{chapter.9}
\BOOKMARK [1][-]{section.9.3}{ \040}{chapter.9}
\BOOKMARK [0][-]{chapter.10}{Indices and tables}{}
\BOOKMARK [0][-]{section*.91}{Python Module Index}{}
